0 info it worked if it ends with ok
1 verbose cli [ 'C:\\Apps\\nodejs\\\\node.exe',
1 verbose cli   'C:\\Apps\\nodejs\\node_modules\\npm\\bin\\npm-cli.js',
1 verbose cli   'install',
1 verbose cli   'cheerio' ]
2 info using npm@1.4.21
3 info using node@v0.10.30
4 verbose node symlink C:\Apps\nodejs\\node.exe
5 error Error: ENOENT, stat 'C:\Users\harcor\AppData\Roaming\npm'
6 error If you need help, you may report this *entire* log,
6 error including the npm and node versions, at:
6 error     <http://github.com/npm/npm/issues>
7 error System Windows_NT 6.1.7601
8 error command "C:\\Apps\\nodejs\\\\node.exe" "C:\\Apps\\nodejs\\node_modules\\npm\\bin\\npm-cli.js" "install" "cheerio"
9 error cwd C:\Apps\nodejs\scripts
10 error node -v v0.10.30
11 error npm -v 1.4.21
12 error path C:\Users\harcor\AppData\Roaming\npm
13 error code ENOENT
14 error errno 34
15 verbose exit [ 34, true ]
